<?xml version="1.0" encoding="UTF-8"?>
<!-- Generated by org.testng.reporters.JUnitReportReporter -->
<testsuite skipped="1" hostname="Sheetal" name="day1.GitHubExample" tests="2" failures="0" timestamp="09 Nov 2021 12:13:09 GMT" time="2.564" errors="0">
  <testcase name="addRepository" time="2.564" classname="day1.GitHubExample"/>
  <testcase name="getAllRepo" classname="day1.GitHubExample">
    <skipped/>
  </testcase> <!-- getAllRepo -->
</testsuite> <!-- day1.GitHubExample -->
