<?xml version="1.0" encoding="UTF-8"?>
<!-- Generated by org.testng.reporters.JUnitReportReporter -->
<testsuite skipped="1" hostname="Sheetal" name="day1.PositiveTest" tests="5" failures="0" timestamp="09 Nov 2021 10:05:26 GMT" time="4.872" errors="0">
  <testcase name="putContact" time="3.549" classname="day1.PositiveTest"/>
  <testcase name="updateContact" time="0.438" classname="day1.PositiveTest"/>
  <testcase name="deleteContact" time="0.448" classname="day1.PositiveTest"/>
  <testcase name="getSpecificContact" time="0.437" classname="day1.PositiveTest"/>
  <testcase name="getAllContactList" classname="day1.PositiveTest">
    <skipped/>
  </testcase> <!-- getAllContactList -->
</testsuite> <!-- day1.PositiveTest -->
