<?xml version="1.0" encoding="UTF-8"?>
<!-- Generated by org.testng.reporters.JUnitReportReporter -->
<testsuite skipped="2" hostname="Sheetal" name="day1.OpenWeatherAPI" tests="3" failures="0" timestamp="09 Nov 2021 07:04:28 GMT" time="1.207" errors="0">
  <testcase name="OpenWeatherInfo2" time="1.207" classname="day1.OpenWeatherAPI"/>
  <testcase name="OpenWeatherInfo3" classname="day1.OpenWeatherAPI">
    <skipped/>
  </testcase> <!-- OpenWeatherInfo3 -->
  <testcase name="OpenWeatherInfo" classname="day1.OpenWeatherAPI">
    <skipped/>
  </testcase> <!-- OpenWeatherInfo -->
</testsuite> <!-- day1.OpenWeatherAPI -->
